<?xml version="1.0" encoding="UTF-8"?>
<testsuite name="When eval" tests="1" skipped="0" failures="0" errors="0" timestamp="2021-11-26T21:19:52" hostname="Markos-MacBook-Pro-2.local" time="0.03">
  <properties/>
  <testcase name="With given expression, Then should evaluate to correct result" classname="org.fuusio.flo.repl.ReplTest$EvalExpressions" time="0.03"/>
  <system-out><![CDATA[]]></system-out>
  <system-err><![CDATA[]]></system-err>
</testsuite>
